Determining if the pthread_create exist failed with the following output:
Change Dir: /home/chetanborse1999/2links/build/CMakeFiles/CMakeTmp

Run Build Command:"/usr/bin/make" "cmTC_586af/fast"
/usr/bin/make -f CMakeFiles/cmTC_586af.dir/build.make CMakeFiles/cmTC_586af.dir/build
make[1]: Entering directory '/home/chetanborse1999/2links/build/CMakeFiles/CMakeTmp'
Building C object CMakeFiles/cmTC_586af.dir/CheckSymbolExists.c.o
/usr/bin/cc     -o CMakeFiles/cmTC_586af.dir/CheckSymbolExists.c.o   -c /home/chetanborse1999/2links/build/CMakeFiles/CMakeTmp/CheckSymbolExists.c
Linking C executable cmTC_586af
/usr/bin/cmake -E cmake_link_script CMakeFiles/cmTC_586af.dir/link.txt --verbose=1
/usr/bin/cc       CMakeFiles/cmTC_586af.dir/CheckSymbolExists.c.o  -o cmTC_586af -rdynamic 
CMakeFiles/cmTC_586af.dir/CheckSymbolExists.c.o: In function `main':
CheckSymbolExists.c:(.text+0x16): undefined reference to `pthread_create'
collect2: error: ld returned 1 exit status
CMakeFiles/cmTC_586af.dir/build.make:97: recipe for target 'cmTC_586af' failed
make[1]: *** [cmTC_586af] Error 1
make[1]: Leaving directory '/home/chetanborse1999/2links/build/CMakeFiles/CMakeTmp'
Makefile:126: recipe for target 'cmTC_586af/fast' failed
make: *** [cmTC_586af/fast] Error 2

File /home/chetanborse1999/2links/build/CMakeFiles/CMakeTmp/CheckSymbolExists.c:
/* */
#include <pthread.h>

int main(int argc, char** argv)
{
  (void)argv;
#ifndef pthread_create
  return ((int*)(&pthread_create))[argc];
#else
  (void)argc;
  return 0;
#endif
}

Determining if the function pthread_create exists in the pthreads failed with the following output:
Change Dir: /home/chetanborse1999/2links/build/CMakeFiles/CMakeTmp

Run Build Command:"/usr/bin/make" "cmTC_736d8/fast"
/usr/bin/make -f CMakeFiles/cmTC_736d8.dir/build.make CMakeFiles/cmTC_736d8.dir/build
make[1]: Entering directory '/home/chetanborse1999/2links/build/CMakeFiles/CMakeTmp'
Building C object CMakeFiles/cmTC_736d8.dir/CheckFunctionExists.c.o
/usr/bin/cc    -DCHECK_FUNCTION_EXISTS=pthread_create   -o CMakeFiles/cmTC_736d8.dir/CheckFunctionExists.c.o   -c /usr/share/cmake-3.5/Modules/CheckFunctionExists.c
Linking C executable cmTC_736d8
/usr/bin/cmake -E cmake_link_script CMakeFiles/cmTC_736d8.dir/link.txt --verbose=1
/usr/bin/cc   -DCHECK_FUNCTION_EXISTS=pthread_create    CMakeFiles/cmTC_736d8.dir/CheckFunctionExists.c.o  -o cmTC_736d8 -rdynamic -lpthreads 
/usr/bin/ld: cannot find -lpthreads
collect2: error: ld returned 1 exit status
CMakeFiles/cmTC_736d8.dir/build.make:97: recipe for target 'cmTC_736d8' failed
make[1]: *** [cmTC_736d8] Error 1
make[1]: Leaving directory '/home/chetanborse1999/2links/build/CMakeFiles/CMakeTmp'
Makefile:126: recipe for target 'cmTC_736d8/fast' failed
make: *** [cmTC_736d8/fast] Error 2


